<?xml version="1.0" encoding="UTF-8"?>
<testng-results ignored="0" total="1" passed="1" failed="0" skipped="0">
  <reporter-output>
  </reporter-output>
  <suite started-at="2024-01-07T12:23:42 MMT" name="Suite" finished-at="2024-01-07T12:24:10 MMT" duration-ms="27725">
    <groups>
    </groups>
    <test started-at="2024-01-07T12:23:42 MMT" name="Test" finished-at="2024-01-07T12:24:10 MMT" duration-ms="27725">
      <class name="Assignment.GoogleSearch.SearchGoogle">
        <test-method is-config="true" signature="beforeClass()[pri:0, instance:Assignment.GoogleSearch.SearchGoogle@6404f418]" started-at="2024-01-07T12:23:42 MMT" name="beforeClass" finished-at="2024-01-07T12:23:50 MMT" duration-ms="7162" status="PASS">
          <reporter-output>
          </reporter-output>
        </test-method> <!-- beforeClass -->
        <test-method is-config="true" signature="beforeMethod()[pri:0, instance:Assignment.GoogleSearch.SearchGoogle@6404f418]" started-at="2024-01-07T12:23:50 MMT" name="beforeMethod" finished-at="2024-01-07T12:23:58 MMT" duration-ms="8634" status="PASS">
          <reporter-output>
          </reporter-output>
        </test-method> <!-- beforeMethod -->
        <test-method signature="SearchinGoogle()[pri:0, instance:Assignment.GoogleSearch.SearchGoogle@6404f418]" started-at="2024-01-07T12:23:58 MMT" name="SearchinGoogle" finished-at="2024-01-07T12:24:10 MMT" duration-ms="11486" status="PASS">
          <reporter-output>
          </reporter-output>
        </test-method> <!-- SearchinGoogle -->
        <test-method is-config="true" signature="afterMethod()[pri:0, instance:Assignment.GoogleSearch.SearchGoogle@6404f418]" started-at="2024-01-07T12:24:10 MMT" name="afterMethod" finished-at="2024-01-07T12:24:10 MMT" duration-ms="1" status="PASS">
          <reporter-output>
          </reporter-output>
        </test-method> <!-- afterMethod -->
        <test-method is-config="true" signature="afterClass()[pri:0, instance:Assignment.GoogleSearch.SearchGoogle@6404f418]" started-at="2024-01-07T12:24:10 MMT" name="afterClass" finished-at="2024-01-07T12:24:10 MMT" duration-ms="385" status="PASS">
          <reporter-output>
          </reporter-output>
        </test-method> <!-- afterClass -->
      </class> <!-- Assignment.GoogleSearch.SearchGoogle -->
    </test> <!-- Test -->
  </suite> <!-- Suite -->
</testng-results>
